e:\nprquake\nprquakesrc\release\vc120.pdb
e:\nprquake\nprquakesrc\release\cd_win.sbr
e:\nprquake\nprquakesrc\release\chase.sbr
e:\nprquake\nprquakesrc\release\cl_demo.sbr
e:\nprquake\nprquakesrc\release\cl_input.sbr
e:\nprquake\nprquakesrc\release\cl_main.sbr
e:\nprquake\nprquakesrc\release\cl_parse.sbr
e:\nprquake\nprquakesrc\release\cl_tent.sbr
e:\nprquake\nprquakesrc\release\cmd.sbr
e:\nprquake\nprquakesrc\release\common.sbr
e:\nprquake\nprquakesrc\release\conproc.sbr
e:\nprquake\nprquakesrc\release\console.sbr
e:\nprquake\nprquakesrc\release\crc.sbr
e:\nprquake\nprquakesrc\release\cvar.sbr
e:\nprquake\nprquakesrc\release\d_edge.sbr
e:\nprquake\nprquakesrc\release\d_fill.sbr
e:\nprquake\nprquakesrc\release\d_init.sbr
e:\nprquake\nprquakesrc\release\d_modech.sbr
e:\nprquake\nprquakesrc\release\d_part.sbr
e:\nprquake\nprquakesrc\release\d_polyse.sbr
e:\nprquake\nprquakesrc\release\d_scan.sbr
e:\nprquake\nprquakesrc\release\d_scan.obj
e:\nprquake\nprquakesrc\release\d_polyse.obj
e:\nprquake\nprquakesrc\release\d_part.obj
e:\nprquake\nprquakesrc\release\d_modech.obj
e:\nprquake\nprquakesrc\release\d_init.obj
e:\nprquake\nprquakesrc\release\d_fill.obj
e:\nprquake\nprquakesrc\release\d_edge.obj
e:\nprquake\nprquakesrc\release\cvar.obj
e:\nprquake\nprquakesrc\release\crc.obj
e:\nprquake\nprquakesrc\release\console.obj
e:\nprquake\nprquakesrc\release\conproc.obj
e:\nprquake\nprquakesrc\release\common.obj
e:\nprquake\nprquakesrc\release\cmd.obj
e:\nprquake\nprquakesrc\release\cl_tent.obj
e:\nprquake\nprquakesrc\release\cl_parse.obj
e:\nprquake\nprquakesrc\release\cl_main.obj
e:\nprquake\nprquakesrc\release\cl_input.obj
e:\nprquake\nprquakesrc\release\cl_demo.obj
e:\nprquake\nprquakesrc\release\chase.obj
e:\nprquake\nprquakesrc\release\cd_win.obj
e:\nprquake\nprquakesrc\release\d_sky.sbr
e:\nprquake\nprquakesrc\release\d_sprite.sbr
e:\nprquake\nprquakesrc\release\d_surf.sbr
e:\nprquake\nprquakesrc\release\d_vars.sbr
e:\nprquake\nprquakesrc\release\d_zpoint.sbr
e:\nprquake\nprquakesrc\release\draw.sbr
e:\nprquake\nprquakesrc\release\host.sbr
e:\nprquake\nprquakesrc\release\host_cmd.sbr
e:\nprquake\nprquakesrc\release\in_win.sbr
e:\nprquake\nprquakesrc\release\keys.sbr
e:\nprquake\nprquakesrc\release\mathlib.sbr
e:\nprquake\nprquakesrc\release\menu.sbr
e:\nprquake\nprquakesrc\release\model.sbr
e:\nprquake\nprquakesrc\release\net_dgrm.sbr
e:\nprquake\nprquakesrc\release\net_loop.sbr
e:\nprquake\nprquakesrc\release\net_main.sbr
e:\nprquake\nprquakesrc\release\net_vcr.sbr
e:\nprquake\nprquakesrc\release\net_win.sbr
e:\nprquake\nprquakesrc\release\net_wins.sbr
e:\nprquake\nprquakesrc\release\net_wipx.sbr
e:\nprquake\nprquakesrc\release\net_wipx.obj
e:\nprquake\nprquakesrc\release\net_wins.obj
e:\nprquake\nprquakesrc\release\net_win.obj
e:\nprquake\nprquakesrc\release\net_vcr.obj
e:\nprquake\nprquakesrc\release\net_main.obj
e:\nprquake\nprquakesrc\release\net_loop.obj
e:\nprquake\nprquakesrc\release\net_dgrm.obj
e:\nprquake\nprquakesrc\release\model.obj
e:\nprquake\nprquakesrc\release\menu.obj
e:\nprquake\nprquakesrc\release\mathlib.obj
e:\nprquake\nprquakesrc\release\keys.obj
e:\nprquake\nprquakesrc\release\in_win.obj
e:\nprquake\nprquakesrc\release\host_cmd.obj
e:\nprquake\nprquakesrc\release\host.obj
e:\nprquake\nprquakesrc\release\draw.obj
e:\nprquake\nprquakesrc\release\d_zpoint.obj
e:\nprquake\nprquakesrc\release\d_vars.obj
e:\nprquake\nprquakesrc\release\d_surf.obj
e:\nprquake\nprquakesrc\release\d_sprite.obj
e:\nprquake\nprquakesrc\release\d_sky.obj
e:\nprquake\nprquakesrc\release\pr_cmds.sbr
e:\nprquake\nprquakesrc\release\pr_edict.sbr
e:\nprquake\nprquakesrc\release\pr_exec.sbr
e:\nprquake\nprquakesrc\release\r_aclip.sbr
e:\nprquake\nprquakesrc\release\r_alias.sbr
e:\nprquake\nprquakesrc\release\r_bsp.sbr
e:\nprquake\nprquakesrc\release\r_draw.sbr
e:\nprquake\nprquakesrc\release\r_edge.sbr
e:\nprquake\nprquakesrc\release\r_efrag.sbr
e:\nprquake\nprquakesrc\release\r_light.sbr
e:\nprquake\nprquakesrc\release\r_main.sbr
e:\nprquake\nprquakesrc\release\r_misc.sbr
e:\nprquake\nprquakesrc\release\r_part.sbr
e:\nprquake\nprquakesrc\release\r_sky.sbr
e:\nprquake\nprquakesrc\release\r_sprite.sbr
e:\nprquake\nprquakesrc\release\r_surf.sbr
e:\nprquake\nprquakesrc\release\r_vars.sbr
e:\nprquake\nprquakesrc\release\sbar.sbr
e:\nprquake\nprquakesrc\release\screen.sbr
e:\nprquake\nprquakesrc\release\snd_dma.sbr
e:\nprquake\nprquakesrc\release\snd_dma.obj
e:\nprquake\nprquakesrc\release\screen.obj
e:\nprquake\nprquakesrc\release\sbar.obj
e:\nprquake\nprquakesrc\release\r_vars.obj
e:\nprquake\nprquakesrc\release\r_surf.obj
e:\nprquake\nprquakesrc\release\r_sprite.obj
e:\nprquake\nprquakesrc\release\r_sky.obj
e:\nprquake\nprquakesrc\release\r_part.obj
e:\nprquake\nprquakesrc\release\r_misc.obj
e:\nprquake\nprquakesrc\release\r_main.obj
e:\nprquake\nprquakesrc\release\r_light.obj
e:\nprquake\nprquakesrc\release\r_efrag.obj
e:\nprquake\nprquakesrc\release\r_edge.obj
e:\nprquake\nprquakesrc\release\r_draw.obj
e:\nprquake\nprquakesrc\release\r_bsp.obj
e:\nprquake\nprquakesrc\release\r_alias.obj
e:\nprquake\nprquakesrc\release\r_aclip.obj
e:\nprquake\nprquakesrc\release\pr_exec.obj
e:\nprquake\nprquakesrc\release\pr_edict.obj
e:\nprquake\nprquakesrc\release\pr_cmds.obj
e:\nprquake\nprquakesrc\release\snd_mem.sbr
e:\nprquake\nprquakesrc\release\snd_mix.sbr
e:\nprquake\nprquakesrc\release\snd_win.sbr
e:\nprquake\nprquakesrc\release\sv_main.sbr
e:\nprquake\nprquakesrc\release\sv_move.sbr
e:\nprquake\nprquakesrc\release\sv_phys.sbr
e:\nprquake\nprquakesrc\release\sv_user.sbr
e:\nprquake\nprquakesrc\release\sys_win.sbr
e:\nprquake\nprquakesrc\release\vid_win.sbr
e:\nprquake\nprquakesrc\release\view.sbr
e:\nprquake\nprquakesrc\release\wad.sbr
e:\nprquake\nprquakesrc\release\world.sbr
e:\nprquake\nprquakesrc\release\zone.sbr
e:\nprquake\nprquakesrc\release\zone.obj
e:\nprquake\nprquakesrc\release\world.obj
e:\nprquake\nprquakesrc\release\wad.obj
e:\nprquake\nprquakesrc\release\view.obj
e:\nprquake\nprquakesrc\release\vid_win.obj
e:\nprquake\nprquakesrc\release\sys_win.obj
e:\nprquake\nprquakesrc\release\sv_user.obj
e:\nprquake\nprquakesrc\release\sv_phys.obj
e:\nprquake\nprquakesrc\release\sv_move.obj
e:\nprquake\nprquakesrc\release\sv_main.obj
e:\nprquake\nprquakesrc\release\snd_win.obj
e:\nprquake\nprquakesrc\release\snd_mix.obj
e:\nprquake\nprquakesrc\release\snd_mem.obj
e:\nprquake\nprquakesrc\release\.obj
e:\nprquake\nprquakesrc\release\winquake.res
e:\nprquake\nprquakesrc\release\d_draw.obj
e:\nprquake\nprquakesrc\release\d_draw16.obj
e:\nprquake\nprquakesrc\release\d_parta.obj
e:\nprquake\nprquakesrc\release\d_polysa.obj
e:\nprquake\nprquakesrc\release\d_scana.obj
e:\nprquake\nprquakesrc\release\d_spr8.obj
e:\nprquake\nprquakesrc\release\d_varsa.obj
e:\nprquake\nprquakesrc\release\math.obj
e:\nprquake\nprquakesrc\release\r_aclipa.obj
e:\nprquake\nprquakesrc\release\r_aliasa.obj
e:\nprquake\nprquakesrc\release\r_drawa.obj
e:\nprquake\nprquakesrc\release\r_edgea.obj
e:\nprquake\nprquakesrc\release\r_varsa.obj
e:\nprquake\nprquakesrc\release\snd_mixa.obj
e:\nprquake\nprquakesrc\release\surf16.obj
e:\nprquake\nprquakesrc\release\surf8.obj
e:\nprquake\nprquakesrc\release\sys_wina.obj
e:\nprquake\nprquakesrc\release\worlda.obj
e:\nprquake\nprquakesrc\release\winquake.tlog\cl.command.1.tlog
e:\nprquake\nprquakesrc\release\winquake.tlog\cl.read.1.tlog
e:\nprquake\nprquakesrc\release\winquake.tlog\cl.write.1.tlog
e:\nprquake\nprquakesrc\release\winquake.tlog\custombuild.command.1.tlog
e:\nprquake\nprquakesrc\release\winquake.tlog\custombuild.read.1.tlog
e:\nprquake\nprquakesrc\release\winquake.tlog\custombuild.write.1.tlog
e:\nprquake\nprquakesrc\release\winquake.tlog\link.command.1.tlog
e:\nprquake\nprquakesrc\release\winquake.tlog\link.read.1.tlog
e:\nprquake\nprquakesrc\release\winquake.tlog\link.write.1.tlog
e:\nprquake\nprquakesrc\release\winquake.tlog\rc.command.1.tlog
e:\nprquake\nprquakesrc\release\winquake.tlog\rc.read.1.tlog
e:\nprquake\nprquakesrc\release\winquake.tlog\rc.write.1.tlog
