Build started 1/4/2016 1:38:44 AM.
     1>Project "E:\NPRQuake\NPRQuakeSrc\WinQuake.vcxproj" on node 2 (Build target(s)).
     1>CustomBuild:
         mycoolbuild
         Microsoft (R) C/C++ Optimizing Compiler Version 18.00.21005.1 for x86
         Copyright (C) Microsoft Corporation.  All rights reserved.
         
         d_draw.s
          Assembling: .\Debug\d_draw.asm
         Microsoft (R) Macro Assembler Version 12.00.21005.1
         Copyright (C) Microsoft Corporation.  All rights reserved.
         
         mycoolbuild
         Microsoft (R) C/C++ Optimizing Compiler Version 18.00.21005.1 for x86
         Copyright (C) Microsoft Corporation.  All rights reserved.
         
         d_draw16.s
          Assembling: .\Debug\d_draw16.asm
         Microsoft (R) Macro Assembler Version 12.00.21005.1
         Copyright (C) Microsoft Corporation.  All rights reserved.
         
         mycoolbuild
         Microsoft (R) C/C++ Optimizing Compiler Version 18.00.21005.1 for x86
         Copyright (C) Microsoft Corporation.  All rights reserved.
         
         d_parta.s
          Assembling: .\Debug\d_parta.asm
         Microsoft (R) Macro Assembler Version 12.00.21005.1
         Copyright (C) Microsoft Corporation.  All rights reserved.
         
         mycoolbuild
         Microsoft (R) C/C++ Optimizing Compiler Version 18.00.21005.1 for x86
         Copyright (C) Microsoft Corporation.  All rights reserved.
         
         d_polysa.s
          Assembling: .\Debug\d_polysa.asm
         Microsoft (R) Macro Assembler Version 12.00.21005.1
         Copyright (C) Microsoft Corporation.  All rights reserved.
         
         mycoolbuild
         Microsoft (R) C/C++ Optimizing Compiler Version 18.00.21005.1 for x86
         Copyright (C) Microsoft Corporation.  All rights reserved.
         
         d_scana.s
          Assembling: .\Debug\d_scana.asm
         Microsoft (R) Macro Assembler Version 12.00.21005.1
         Copyright (C) Microsoft Corporation.  All rights reserved.
         
         mycoolbuild
         Microsoft (R) C/C++ Optimizing Compiler Version 18.00.21005.1 for x86
         Copyright (C) Microsoft Corporation.  All rights reserved.
         
         d_spr8.s
          Assembling: .\Debug\d_spr8.asm
         Microsoft (R) Macro Assembler Version 12.00.21005.1
         Copyright (C) Microsoft Corporation.  All rights reserved.
         
         mycoolbuild
         Microsoft (R) C/C++ Optimizing Compiler Version 18.00.21005.1 for x86
         Copyright (C) Microsoft Corporation.  All rights reserved.
         
         d_varsa.s
          Assembling: .\Debug\d_varsa.asm
         Microsoft (R) Macro Assembler Version 12.00.21005.1
         Copyright (C) Microsoft Corporation.  All rights reserved.
         
         mycoolbuild
         Microsoft (R) C/C++ Optimizing Compiler Version 18.00.21005.1 for x86
         Copyright (C) Microsoft Corporation.  All rights reserved.
         
         math.s
          Assembling: .\Debug\math.asm
         mycoolbuild
         Microsoft (R) Macro Assembler Version 12.00.21005.1
         Copyright (C) Microsoft Corporation.  All rights reserved.
         
         Microsoft (R) C/C++ Optimizing Compiler Version 18.00.21005.1 for x86
         Copyright (C) Microsoft Corporation.  All rights reserved.
         
         r_aclipa.s
          Assembling: .\Debug\r_aclipa.asm
         Microsoft (R) Macro Assembler Version 12.00.21005.1
         Copyright (C) Microsoft Corporation.  All rights reserved.
         
         mycoolbuild
         Microsoft (R) C/C++ Optimizing Compiler Version 18.00.21005.1 for x86
         Copyright (C) Microsoft Corporation.  All rights reserved.
         
         r_aliasa.s
          Assembling: .\Debug\r_aliasa.asm
         Microsoft (R) Macro Assembler Version 12.00.21005.1
         Copyright (C) Microsoft Corporation.  All rights reserved.
         
         mycoolbuild
         Microsoft (R) C/C++ Optimizing Compiler Version 18.00.21005.1 for x86
         Copyright (C) Microsoft Corporation.  All rights reserved.
         
         r_drawa.s
          Assembling: .\Debug\r_drawa.asm
         Microsoft (R) Macro Assembler Version 12.00.21005.1
         Copyright (C) Microsoft Corporation.  All rights reserved.
         
         mycoolbuild
         Microsoft (R) C/C++ Optimizing Compiler Version 18.00.21005.1 for x86
         Copyright (C) Microsoft Corporation.  All rights reserved.
         
         r_edgea.s
          Assembling: .\Debug\r_edgea.asm
         Microsoft (R) Macro Assembler Version 12.00.21005.1
         Copyright (C) Microsoft Corporation.  All rights reserved.
         
         mycoolbuild
         Microsoft (R) C/C++ Optimizing Compiler Version 18.00.21005.1 for x86
         Copyright (C) Microsoft Corporation.  All rights reserved.
         
         r_varsa.s
          Assembling: .\Debug\r_varsa.asm
         Microsoft (R) Macro Assembler Version 12.00.21005.1
         Copyright (C) Microsoft Corporation.  All rights reserved.
         
         mycoolbuild
         Microsoft (R) C/C++ Optimizing Compiler Version 18.00.21005.1 for x86
         Copyright (C) Microsoft Corporation.  All rights reserved.
         
         snd_mixa.s
          Assembling: .\Debug\snd_mixa.asm
         Microsoft (R) Macro Assembler Version 12.00.21005.1
         Copyright (C) Microsoft Corporation.  All rights reserved.
         
         mycoolbuild
         Microsoft (R) C/C++ Optimizing Compiler Version 18.00.21005.1 for x86
         Copyright (C) Microsoft Corporation.  All rights reserved.
         
         surf16.s
          Assembling: .\Debug\surf16.asm
         Microsoft (R) Macro Assembler Version 12.00.21005.1
         Copyright (C) Microsoft Corporation.  All rights reserved.
         
         mycoolbuild
         Microsoft (R) C/C++ Optimizing Compiler Version 18.00.21005.1 for x86
         Copyright (C) Microsoft Corporation.  All rights reserved.
         
         surf8.s
          Assembling: .\Debug\surf8.asm
         Microsoft (R) Macro Assembler Version 12.00.21005.1
         Copyright (C) Microsoft Corporation.  All rights reserved.
         
         mycoolbuild
         Microsoft (R) C/C++ Optimizing Compiler Version 18.00.21005.1 for x86
         Copyright (C) Microsoft Corporation.  All rights reserved.
         
         sys_wina.s
          Assembling: .\Debug\sys_wina.asm
         Microsoft (R) Macro Assembler Version 12.00.21005.1
         Copyright (C) Microsoft Corporation.  All rights reserved.
         
         mycoolbuild
         Microsoft (R) C/C++ Optimizing Compiler Version 18.00.21005.1 for x86
         Copyright (C) Microsoft Corporation.  All rights reserved.
         
         worlda.s
          Assembling: .\Debug\worlda.asm
         Microsoft (R) Macro Assembler Version 12.00.21005.1
         Copyright (C) Microsoft Corporation.  All rights reserved.
         
       ClCompile:
         C:\Program Files (x86)\Microsoft Visual Studio 12.0\VC\bin\CL.exe /c /I.\scitech\include /I.\dxsdk\sdk\inc /ZI /nologo /W1 /WX- /Od /Oy- /D WIN32 /D _DEBUG /D _WINDOWS /D _VC80_UPGRADE=0x0600 /Gm- /EHsc /MT /GS /Gy- /fp:precise /Zc:wchar_t /Zc:forScope /Fo".\Debug\\" /Fd".\Debug\vc120.pdb" /FR".\Debug\\" /Gd /TC /analyze- /errorReport:prompt cd_win.c chase.c cl_demo.c cl_input.c cl_main.c cl_parse.c cl_tent.c cmd.c common.c conproc.c console.c crc.c cvar.c d_edge.c d_fill.c d_init.c d_modech.c d_part.c d_polyse.c d_scan.c d_sky.c d_sprite.c d_surf.c d_vars.c d_zpoint.c draw.c host.c host_cmd.c in_win.c keys.c mathlib.c menu.c model.c net_dgrm.c net_loop.c net_main.c net_vcr.c net_win.c net_wins.c net_wipx.c pr_cmds.c pr_edict.c pr_exec.c r_aclip.c r_alias.c r_bsp.c r_draw.c r_edge.c r_efrag.c r_light.c r_main.c r_misc.c r_part.c r_sky.c r_sprite.c r_surf.c r_vars.c sbar.c screen.c snd_dma.c snd_mem.c snd_mix.c snd_win.c sv_main.c sv_move.c sv_phys.c sv_user.c sys_win.c vid_win.c view.c wad.c world.c zone.c
         cd_win.c
         chase.c
         cl_demo.c
         cl_input.c
         cl_main.c
         cl_parse.c
         cl_tent.c
         cmd.c
         common.c
         conproc.c
         console.c
         crc.c
         cvar.c
         d_edge.c
         d_fill.c
         d_init.c
         d_modech.c
         d_part.c
         d_polyse.c
         d_scan.c
         Generating Code...
         Compiling...
         d_sky.c
         d_sprite.c
         d_surf.c
         d_vars.c
         d_zpoint.c
         draw.c
         host.c
         host_cmd.c
         in_win.c
         keys.c
         mathlib.c
         menu.c
         model.c
         net_dgrm.c
         net_loop.c
         net_main.c
         net_vcr.c
         net_win.c
         net_wins.c
         net_wipx.c
         Generating Code...
         Compiling...
         pr_cmds.c
         pr_edict.c
         pr_exec.c
         r_aclip.c
         r_alias.c
         r_bsp.c
         r_draw.c
         r_edge.c
         r_efrag.c
         r_light.c
         r_main.c
         r_misc.c
         r_part.c
         r_sky.c
         r_sprite.c
         r_surf.c
         r_vars.c
         sbar.c
         screen.c
         snd_dma.c
         Generating Code...
         Compiling...
         snd_mem.c
         snd_mix.c
         snd_win.c
         sv_main.c
         sv_move.c
         sv_phys.c
         sv_user.c
         sys_win.c
         vid_win.c
         view.c
         wad.c
         world.c
         zone.c
         Generating Code...
       ResourceCompile:
         C:\Program Files (x86)\Windows Kits\8.1\bin\x86\rc.exe /D _DEBUG /D _VC80_UPGRADE=0x0600 /l"0x0409" /nologo /fo".\Debug\winquake.res" winquake.rc 
       Link:
         C:\Program Files (x86)\Microsoft Visual Studio 12.0\VC\bin\link.exe /ERRORREPORT:PROMPT /OUT:".\Debug\WinQuake.exe" /INCREMENTAL /NOLOGO .\dxsdk\sdk\lib\dxguid.lib .\scitech\lib\win32\vc\mgllt.lib winmm.lib wsock32.lib opengl32.lib glu32.lib odbc32.lib odbccp32.lib kernel32.lib user32.lib gdi32.lib winspool.lib comdlg32.lib advapi32.lib shell32.lib ole32.lib oleaut32.lib uuid.lib odbc32.lib odbccp32.lib /MANIFEST /MANIFESTUAC:"level='asInvoker' uiAccess='false'" /manifest:embed /DEBUG /PDB:".\Debug\winquake.pdb" /SUBSYSTEM:WINDOWS /TLBID:1 /DYNAMICBASE /NXCOMPAT /IMPLIB:".\Debug\winquake.lib" /MACHINE:X86 /SAFESEH .\Debug\\.obj
         .\Debug\winquake.res
         .\Debug\cd_win.obj
         .\Debug\chase.obj
         .\Debug\cl_demo.obj
         .\Debug\cl_input.obj
         .\Debug\cl_main.obj
         .\Debug\cl_parse.obj
         .\Debug\cl_tent.obj
         .\Debug\cmd.obj
         .\Debug\common.obj
         .\Debug\conproc.obj
         .\Debug\console.obj
         .\Debug\crc.obj
         .\Debug\cvar.obj
         .\Debug\d_edge.obj
         .\Debug\d_fill.obj
         .\Debug\d_init.obj
         .\Debug\d_modech.obj
         .\Debug\d_part.obj
         .\Debug\d_polyse.obj
         .\Debug\d_scan.obj
         .\Debug\d_sky.obj
         .\Debug\d_sprite.obj
         .\Debug\d_surf.obj
         .\Debug\d_vars.obj
         .\Debug\d_zpoint.obj
         .\Debug\draw.obj
         .\Debug\host.obj
         .\Debug\host_cmd.obj
         .\Debug\in_win.obj
         .\Debug\keys.obj
         .\Debug\mathlib.obj
         .\Debug\menu.obj
         .\Debug\model.obj
         .\Debug\net_dgrm.obj
         .\Debug\net_loop.obj
         .\Debug\net_main.obj
         .\Debug\net_vcr.obj
         .\Debug\net_win.obj
         .\Debug\net_wins.obj
         .\Debug\net_wipx.obj
         .\Debug\pr_cmds.obj
         .\Debug\pr_edict.obj
         .\Debug\pr_exec.obj
         .\Debug\r_aclip.obj
         .\Debug\r_alias.obj
         .\Debug\r_bsp.obj
         .\Debug\r_draw.obj
         .\Debug\r_edge.obj
         .\Debug\r_efrag.obj
         .\Debug\r_light.obj
         .\Debug\r_main.obj
         .\Debug\r_misc.obj
         .\Debug\r_part.obj
         .\Debug\r_sky.obj
         .\Debug\r_sprite.obj
         .\Debug\r_surf.obj
         .\Debug\r_vars.obj
         .\Debug\sbar.obj
         .\Debug\screen.obj
         .\Debug\snd_dma.obj
         .\Debug\snd_mem.obj
         .\Debug\snd_mix.obj
         .\Debug\snd_win.obj
         .\Debug\sv_main.obj
         .\Debug\sv_move.obj
         .\Debug\sv_phys.obj
         .\Debug\sv_user.obj
         .\Debug\sys_win.obj
         .\Debug\vid_win.obj
         .\Debug\view.obj
         .\Debug\wad.obj
         .\Debug\world.obj
         .\Debug\zone.obj
     1>LINK : fatal error LNK1104: cannot open file '.\Debug\\.obj'
     1>Done Building Project "E:\NPRQuake\NPRQuakeSrc\WinQuake.vcxproj" (Build target(s)) -- FAILED.

Build FAILED.

Time Elapsed 00:00:18.04
