e:\nprquake\nprquakesrc\debug\vc120.pdb
e:\nprquake\nprquakesrc\debug\vc120.idb
e:\nprquake\nprquakesrc\debug\cd_win.sbr
e:\nprquake\nprquakesrc\debug\chase.sbr
e:\nprquake\nprquakesrc\debug\cl_demo.sbr
e:\nprquake\nprquakesrc\debug\cl_input.sbr
e:\nprquake\nprquakesrc\debug\cl_main.sbr
e:\nprquake\nprquakesrc\debug\cl_parse.sbr
e:\nprquake\nprquakesrc\debug\cl_tent.sbr
e:\nprquake\nprquakesrc\debug\cmd.sbr
e:\nprquake\nprquakesrc\debug\common.sbr
e:\nprquake\nprquakesrc\debug\conproc.sbr
e:\nprquake\nprquakesrc\debug\console.sbr
e:\nprquake\nprquakesrc\debug\crc.sbr
e:\nprquake\nprquakesrc\debug\cvar.sbr
e:\nprquake\nprquakesrc\debug\d_edge.sbr
e:\nprquake\nprquakesrc\debug\d_fill.sbr
e:\nprquake\nprquakesrc\debug\d_init.sbr
e:\nprquake\nprquakesrc\debug\d_modech.sbr
e:\nprquake\nprquakesrc\debug\d_part.sbr
e:\nprquake\nprquakesrc\debug\d_polyse.sbr
e:\nprquake\nprquakesrc\debug\d_scan.sbr
e:\nprquake\nprquakesrc\debug\d_scan.obj
e:\nprquake\nprquakesrc\debug\d_polyse.obj
e:\nprquake\nprquakesrc\debug\d_part.obj
e:\nprquake\nprquakesrc\debug\d_modech.obj
e:\nprquake\nprquakesrc\debug\d_init.obj
e:\nprquake\nprquakesrc\debug\d_fill.obj
e:\nprquake\nprquakesrc\debug\d_edge.obj
e:\nprquake\nprquakesrc\debug\cvar.obj
e:\nprquake\nprquakesrc\debug\crc.obj
e:\nprquake\nprquakesrc\debug\console.obj
e:\nprquake\nprquakesrc\debug\conproc.obj
e:\nprquake\nprquakesrc\debug\common.obj
e:\nprquake\nprquakesrc\debug\cmd.obj
e:\nprquake\nprquakesrc\debug\cl_tent.obj
e:\nprquake\nprquakesrc\debug\cl_parse.obj
e:\nprquake\nprquakesrc\debug\cl_main.obj
e:\nprquake\nprquakesrc\debug\cl_input.obj
e:\nprquake\nprquakesrc\debug\cl_demo.obj
e:\nprquake\nprquakesrc\debug\chase.obj
e:\nprquake\nprquakesrc\debug\cd_win.obj
e:\nprquake\nprquakesrc\debug\d_sky.sbr
e:\nprquake\nprquakesrc\debug\d_sprite.sbr
e:\nprquake\nprquakesrc\debug\d_surf.sbr
e:\nprquake\nprquakesrc\debug\d_vars.sbr
e:\nprquake\nprquakesrc\debug\d_zpoint.sbr
e:\nprquake\nprquakesrc\debug\draw.sbr
e:\nprquake\nprquakesrc\debug\host.sbr
e:\nprquake\nprquakesrc\debug\host_cmd.sbr
e:\nprquake\nprquakesrc\debug\in_win.sbr
e:\nprquake\nprquakesrc\debug\keys.sbr
e:\nprquake\nprquakesrc\debug\mathlib.sbr
e:\nprquake\nprquakesrc\debug\menu.sbr
e:\nprquake\nprquakesrc\debug\model.sbr
e:\nprquake\nprquakesrc\debug\net_dgrm.sbr
e:\nprquake\nprquakesrc\debug\net_loop.sbr
e:\nprquake\nprquakesrc\debug\net_main.sbr
e:\nprquake\nprquakesrc\debug\net_vcr.sbr
e:\nprquake\nprquakesrc\debug\net_win.sbr
e:\nprquake\nprquakesrc\debug\net_wins.sbr
e:\nprquake\nprquakesrc\debug\net_wipx.sbr
e:\nprquake\nprquakesrc\debug\net_win.obj
e:\nprquake\nprquakesrc\debug\net_vcr.obj
e:\nprquake\nprquakesrc\debug\net_main.obj
e:\nprquake\nprquakesrc\debug\net_loop.obj
e:\nprquake\nprquakesrc\debug\net_dgrm.obj
e:\nprquake\nprquakesrc\debug\model.obj
e:\nprquake\nprquakesrc\debug\menu.obj
e:\nprquake\nprquakesrc\debug\mathlib.obj
e:\nprquake\nprquakesrc\debug\keys.obj
e:\nprquake\nprquakesrc\debug\in_win.obj
e:\nprquake\nprquakesrc\debug\host_cmd.obj
e:\nprquake\nprquakesrc\debug\host.obj
e:\nprquake\nprquakesrc\debug\draw.obj
e:\nprquake\nprquakesrc\debug\d_zpoint.obj
e:\nprquake\nprquakesrc\debug\d_vars.obj
e:\nprquake\nprquakesrc\debug\d_surf.obj
e:\nprquake\nprquakesrc\debug\d_sprite.obj
e:\nprquake\nprquakesrc\debug\d_sky.obj
e:\nprquake\nprquakesrc\debug\pr_cmds.sbr
e:\nprquake\nprquakesrc\debug\pr_edict.sbr
e:\nprquake\nprquakesrc\debug\pr_exec.sbr
e:\nprquake\nprquakesrc\debug\r_aclip.sbr
e:\nprquake\nprquakesrc\debug\r_alias.sbr
e:\nprquake\nprquakesrc\debug\r_bsp.sbr
e:\nprquake\nprquakesrc\debug\r_draw.sbr
e:\nprquake\nprquakesrc\debug\r_edge.sbr
e:\nprquake\nprquakesrc\debug\r_efrag.sbr
e:\nprquake\nprquakesrc\debug\r_light.sbr
e:\nprquake\nprquakesrc\debug\r_main.sbr
e:\nprquake\nprquakesrc\debug\r_misc.sbr
e:\nprquake\nprquakesrc\debug\r_part.sbr
e:\nprquake\nprquakesrc\debug\r_sky.sbr
e:\nprquake\nprquakesrc\debug\r_sprite.sbr
e:\nprquake\nprquakesrc\debug\r_surf.sbr
e:\nprquake\nprquakesrc\debug\r_vars.sbr
e:\nprquake\nprquakesrc\debug\sbar.sbr
e:\nprquake\nprquakesrc\debug\screen.sbr
e:\nprquake\nprquakesrc\debug\snd_dma.sbr
e:\nprquake\nprquakesrc\debug\snd_dma.obj
e:\nprquake\nprquakesrc\debug\screen.obj
e:\nprquake\nprquakesrc\debug\sbar.obj
e:\nprquake\nprquakesrc\debug\r_vars.obj
e:\nprquake\nprquakesrc\debug\r_surf.obj
e:\nprquake\nprquakesrc\debug\r_sprite.obj
e:\nprquake\nprquakesrc\debug\r_sky.obj
e:\nprquake\nprquakesrc\debug\r_part.obj
e:\nprquake\nprquakesrc\debug\r_misc.obj
e:\nprquake\nprquakesrc\debug\r_main.obj
e:\nprquake\nprquakesrc\debug\r_light.obj
e:\nprquake\nprquakesrc\debug\r_efrag.obj
e:\nprquake\nprquakesrc\debug\r_edge.obj
e:\nprquake\nprquakesrc\debug\r_draw.obj
e:\nprquake\nprquakesrc\debug\r_bsp.obj
e:\nprquake\nprquakesrc\debug\r_alias.obj
e:\nprquake\nprquakesrc\debug\r_aclip.obj
e:\nprquake\nprquakesrc\debug\pr_exec.obj
e:\nprquake\nprquakesrc\debug\pr_edict.obj
e:\nprquake\nprquakesrc\debug\pr_cmds.obj
e:\nprquake\nprquakesrc\debug\snd_mem.sbr
e:\nprquake\nprquakesrc\debug\snd_mix.sbr
e:\nprquake\nprquakesrc\debug\snd_win.sbr
e:\nprquake\nprquakesrc\debug\sv_main.sbr
e:\nprquake\nprquakesrc\debug\sv_move.sbr
e:\nprquake\nprquakesrc\debug\sv_phys.sbr
e:\nprquake\nprquakesrc\debug\sv_user.sbr
e:\nprquake\nprquakesrc\debug\sys_win.sbr
e:\nprquake\nprquakesrc\debug\vid_win.sbr
e:\nprquake\nprquakesrc\debug\view.sbr
e:\nprquake\nprquakesrc\debug\wad.sbr
e:\nprquake\nprquakesrc\debug\world.sbr
e:\nprquake\nprquakesrc\debug\zone.sbr
e:\nprquake\nprquakesrc\debug\zone.obj
e:\nprquake\nprquakesrc\debug\world.obj
e:\nprquake\nprquakesrc\debug\wad.obj
e:\nprquake\nprquakesrc\debug\view.obj
e:\nprquake\nprquakesrc\debug\vid_win.obj
e:\nprquake\nprquakesrc\debug\sys_win.obj
e:\nprquake\nprquakesrc\debug\sv_user.obj
e:\nprquake\nprquakesrc\debug\sv_phys.obj
e:\nprquake\nprquakesrc\debug\sv_move.obj
e:\nprquake\nprquakesrc\debug\sv_main.obj
e:\nprquake\nprquakesrc\debug\snd_win.obj
e:\nprquake\nprquakesrc\debug\snd_mix.obj
e:\nprquake\nprquakesrc\debug\snd_mem.obj
e:\nprquake\nprquakesrc\debug\
e:\nprquake\nprquakesrc\debug\net_wipx.obj
e:\nprquake\nprquakesrc\debug\net_wins.obj
e:\nprquake\nprquakesrc\debug\.obj
e:\nprquake\nprquakesrc\debug\winquake.res
e:\nprquake\nprquakesrc\debug\d_draw.obj
e:\nprquake\nprquakesrc\debug\d_draw16.obj
e:\nprquake\nprquakesrc\debug\d_parta.obj
e:\nprquake\nprquakesrc\debug\d_polysa.obj
e:\nprquake\nprquakesrc\debug\d_scana.obj
e:\nprquake\nprquakesrc\debug\d_spr8.obj
e:\nprquake\nprquakesrc\debug\d_varsa.obj
e:\nprquake\nprquakesrc\debug\math.obj
e:\nprquake\nprquakesrc\debug\r_aclipa.obj
e:\nprquake\nprquakesrc\debug\r_aliasa.obj
e:\nprquake\nprquakesrc\debug\r_drawa.obj
e:\nprquake\nprquakesrc\debug\r_edgea.obj
e:\nprquake\nprquakesrc\debug\r_varsa.obj
e:\nprquake\nprquakesrc\debug\snd_mixa.obj
e:\nprquake\nprquakesrc\debug\surf16.obj
e:\nprquake\nprquakesrc\debug\surf8.obj
e:\nprquake\nprquakesrc\debug\sys_wina.obj
e:\nprquake\nprquakesrc\debug\worlda.obj
e:\nprquake\nprquakesrc\debug\winquake.tlog\cl.command.1.tlog
e:\nprquake\nprquakesrc\debug\winquake.tlog\cl.read.1.tlog
e:\nprquake\nprquakesrc\debug\winquake.tlog\cl.write.1.tlog
e:\nprquake\nprquakesrc\debug\winquake.tlog\custombuild.command.1.tlog
e:\nprquake\nprquakesrc\debug\winquake.tlog\custombuild.read.1.tlog
e:\nprquake\nprquakesrc\debug\winquake.tlog\custombuild.write.1.tlog
e:\nprquake\nprquakesrc\debug\winquake.tlog\link.command.1.tlog
e:\nprquake\nprquakesrc\debug\winquake.tlog\link.read.1.tlog
e:\nprquake\nprquakesrc\debug\winquake.tlog\link.write.1.tlog
e:\nprquake\nprquakesrc\debug\winquake.tlog\rc.command.1.tlog
e:\nprquake\nprquakesrc\debug\winquake.tlog\rc.read.1.tlog
e:\nprquake\nprquakesrc\debug\winquake.tlog\rc.write.1.tlog
